# JRE version: OpenJDK Runtime Environment (17.0.6) (build 17.0.6+0-b2043.56-10027231)
# Java VM: OpenJDK 64-Bit Server VM (17.0.6+0-b2043.56-10027231, mixed mode, tiered, compressed oops, compressed class ptrs, g1 gc, windows-amd64)
GC Precious Log:
 CPUs: 4 total, 4 available
 Memory: 16297M
 Large Page Support: Disabled
 NUMA Support: Disabled
 Compressed Oops: Enabled (Zero based)
 Heap Region Size: 2M
 Heap Min Capacity: 8M
 Heap Initial Capacity: 256M
 Heap Max Capacity: 4076M
 Pre-touch: Disabled
 Parallel Workers: 4
 Concurrent Workers: 1
 Concurrent Refinement Workers: 4
 Periodic GC: Disabled
Heap:
 garbage-first heap   total 165888K, used 110454K [0x0000000701400000, 0x0000000800000000)
  region size 2048K, 18 young (36864K), 3 survivors (6144K)
 Metaspace       used 86387K, committed 86720K, reserved 1130496K
  class space    used 9771K, committed 9920K, reserved 1048576K
GC Heap History (20 events):
Event: 5.147 GC heap before
{Heap before GC invocations=13 (full 0):
 garbage-first heap   total 96256K, used 62878K [0x0000000701400000, 0x0000000800000000)
  region size 2048K, 12 young (24576K), 3 survivors (6144K)
 Metaspace       used 56590K, committed 56896K, reserved 1105920K
  class space    used 6606K, committed 6784K, reserved 1048576K
}
Event: 5.159 GC heap after
{Heap after GC invocations=14 (full 0):
 garbage-first heap   total 116736K, used 50008K [0x0000000701400000, 0x0000000800000000)
  region size 2048K, 2 young (4096K), 2 survivors (4096K)
 Metaspace       used 56590K, committed 56896K, reserved 1105920K
  class space    used 6606K, committed 6784K, reserved 1048576K
}
Event: 5.716 GC heap before
{Heap before GC invocations=15 (full 0):
 garbage-first heap   total 116736K, used 86872K [0x0000000701400000, 0x0000000800000000)
  region size 2048K, 20 young (40960K), 2 survivors (4096K)
 Metaspace       used 59566K, committed 59840K, reserved 1105920K
  class space    used 6962K, committed 7104K, reserved 1048576K
}
Event: 5.729 GC heap after
{Heap after GC invocations=16 (full 0):
 garbage-first heap   total 116736K, used 53698K [0x0000000701400000, 0x0000000800000000)
  region size 2048K, 2 young (4096K), 2 survivors (4096K)
 Metaspace       used 59566K, committed 59840K, reserved 1105920K
  class space    used 6962K, committed 7104K, reserved 1048576K
}
Event: 6.487 GC heap before
{Heap before GC invocations=17 (full 0):
 garbage-first heap   total 116736K, used 86466K [0x0000000701400000, 0x0000000800000000)
  region size 2048K, 19 young (38912K), 2 survivors (4096K)
 Metaspace       used 64820K, committed 65088K, reserved 1114112K
  class space    used 7696K, committed 7808K, reserved 1048576K
}
Event: 6.498 GC heap after
{Heap after GC invocations=18 (full 0):
 garbage-first heap   total 116736K, used 57162K [0x0000000701400000, 0x0000000800000000)
  region size 2048K, 2 young (4096K), 2 survivors (4096K)
 Metaspace       used 64820K, committed 65088K, reserved 1114112K
  class space    used 7696K, committed 7808K, reserved 1048576K
}
Event: 7.435 GC heap before
{Heap before GC invocations=18 (full 0):
 garbage-first heap   total 116736K, used 87882K [0x0000000701400000, 0x0000000800000000)
  region size 2048K, 18 young (36864K), 2 survivors (4096K)
 Metaspace       used 67506K, committed 67840K, reserved 1114112K
  class space    used 7967K, committed 8128K, reserved 1048576K
}
Event: 7.449 GC heap after
{Heap after GC invocations=19 (full 0):
 garbage-first heap   total 116736K, used 63173K [0x0000000701400000, 0x0000000800000000)
  region size 2048K, 3 young (6144K), 3 survivors (6144K)
 Metaspace       used 67506K, committed 67840K, reserved 1114112K
  class space    used 7967K, committed 8128K, reserved 1048576K
}
Event: 8.442 GC heap before
{Heap before GC invocations=20 (full 0):
 garbage-first heap   total 116736K, used 89797K [0x0000000701400000, 0x0000000800000000)
  region size 2048K, 16 young (32768K), 3 survivors (6144K)
 Metaspace       used 68842K, committed 69184K, reserved 1114112K
  class space    used 8032K, committed 8192K, reserved 1048576K
}
Event: 8.458 GC heap after
{Heap after GC invocations=21 (full 0):
 garbage-first heap   total 116736K, used 66563K [0x0000000701400000, 0x0000000800000000)
  region size 2048K, 2 young (4096K), 2 survivors (4096K)
 Metaspace       used 68842K, committed 69184K, reserved 1114112K
  class space    used 8032K, committed 8192K, reserved 1048576K
}
Event: 9.468 GC heap before
{Heap before GC invocations=21 (full 0):
 garbage-first heap   total 116736K, used 91139K [0x0000000701400000, 0x0000000800000000)
  region size 2048K, 14 young (28672K), 2 survivors (4096K)
 Metaspace       used 69622K, committed 69952K, reserved 1114112K
  class space    used 8048K, committed 8192K, reserved 1048576K
}
Event: 9.482 GC heap after
{Heap after GC invocations=22 (full 0):
 garbage-first heap   total 116736K, used 70004K [0x0000000701400000, 0x0000000800000000)
  region size 2048K, 2 young (4096K), 2 survivors (4096K)
 Metaspace       used 69622K, committed 69952K, reserved 1114112K
  class space    used 8048K, committed 8192K, reserved 1048576K
}
Event: 10.306 GC heap before
{Heap before GC invocations=23 (full 0):
 garbage-first heap   total 122880K, used 92532K [0x0000000701400000, 0x0000000800000000)
  region size 2048K, 13 young (26624K), 2 survivors (4096K)
 Metaspace       used 70403K, committed 70720K, reserved 1114112K
  class space    used 8094K, committed 8256K, reserved 1048576K
}
Event: 10.315 GC heap after
{Heap after GC invocations=24 (full 0):
 garbage-first heap   total 122880K, used 71775K [0x0000000701400000, 0x0000000800000000)
  region size 2048K, 1 young (2048K), 1 survivors (2048K)
 Metaspace       used 70403K, committed 70720K, reserved 1114112K
  class space    used 8094K, committed 8256K, reserved 1048576K
}
Event: 10.867 GC heap before
{Heap before GC invocations=24 (full 0):
 garbage-first heap   total 122880K, used 98399K [0x0000000701400000, 0x0000000800000000)
  region size 2048K, 14 young (28672K), 1 survivors (2048K)
 Metaspace       used 74585K, committed 74944K, reserved 1122304K
  class space    used 8510K, committed 8640K, reserved 1048576K
}
Event: 10.877 GC heap after
{Heap after GC invocations=25 (full 0):
 garbage-first heap   total 122880K, used 73705K [0x0000000701400000, 0x0000000800000000)
  region size 2048K, 2 young (4096K), 2 survivors (4096K)
 Metaspace       used 74585K, committed 74944K, reserved 1122304K
  class space    used 8510K, committed 8640K, reserved 1048576K
}
Event: 11.635 GC heap before
{Heap before GC invocations=26 (full 0):
 garbage-first heap   total 137216K, used 96233K [0x0000000701400000, 0x0000000800000000)
  region size 2048K, 13 young (26624K), 2 survivors (4096K)
 Metaspace       used 76984K, committed 77312K, reserved 1122304K
  class space    used 8754K, committed 8896K, reserved 1048576K
}
Event: 11.646 GC heap after
{Heap after GC invocations=27 (full 0):
 garbage-first heap   total 137216K, used 77203K [0x0000000701400000, 0x0000000800000000)
  region size 2048K, 2 young (4096K), 2 survivors (4096K)
 Metaspace       used 76984K, committed 77312K, reserved 1122304K
  class space    used 8754K, committed 8896K, reserved 1048576K
}
Event: 12.175 GC heap before
{Heap before GC invocations=27 (full 0):
 garbage-first heap   total 137216K, used 107923K [0x0000000701400000, 0x0000000800000000)
  region size 2048K, 18 young (36864K), 2 survivors (4096K)
 Metaspace       used 82754K, committed 83072K, reserved 1130496K
  class space    used 9394K, committed 9536K, reserved 1048576K
}
Event: 12.185 GC heap after
{Heap after GC invocations=28 (full 0):
 garbage-first heap   total 165888K, used 81782K [0x0000000701400000, 0x0000000800000000)
  region size 2048K, 3 young (6144K), 3 survivors (6144K)
 Metaspace       used 82754K, committed 83072K, reserved 1130496K
  class space    used 9394K, committed 9536K, reserved 1048576K
}

